# JRE version: Java(TM) SE Runtime Environment (8.0_66-b18) (build 1.8.0_66-b18)
# Java VM: Java HotSpot(TM) Client VM (25.66-b18 mixed mode windows-x86 )
Heap:
 def new generation   total 21248K, used 18051K [0x05200000, 0x06900000, 0x0a750000)
  eden space 18944K,  88% used [0x05200000, 0x0625c8b0, 0x06480000)
  from space 2304K,  56% used [0x06480000, 0x065c45e0, 0x066c0000)
  to   space 2304K,   0% used [0x066c0000, 0x066c0000, 0x06900000)
 tenured generation   total 47036K, used 29515K [0x0a750000, 0x0d53f000, 0x15200000)
   the space 47036K,  62% used [0x0a750000, 0x0c422ca8, 0x0c422e00, 0x0d53f000)
 Metaspace       used 10818K, capacity 11006K, committed 11136K, reserved 11648K
GC Heap History (10 events):
Event: 5.261 GC heap before
{Heap before GC invocations=519 (full 4):
 def new generation   total 21248K, used 20239K [0x05200000, 0x06900000, 0x0a750000)
  eden space 18944K, 100% used [0x05200000, 0x06480000, 0x06480000)
  from space 2304K,  56% used [0x066c0000, 0x06803ff0, 0x06900000)
  to   space 2304K,   0% used [0x06480000, 0x06480000, 0x066c0000)
 tenured generation   total 47036K, used 28590K [0x0a750000, 0x0d53f000, 0x15200000)
   the space 47036K,  60% used [0x0a750000, 0x0c33b928, 0x0c33ba00, 0x0d53f000)
 Metaspace       used 10102K, capacity 10292K, committed 10368K, reserved 10624K
Event: 5.265 GC heap after
Heap after GC invocations=520 (full 4):
 def new generation   total 21248K, used 1295K [0x05200000, 0x06900000, 0x0a750000)
  eden space 18944K,   0% used [0x05200000, 0x05200000, 0x06480000)
  from space 2304K,  56% used [0x06480000, 0x065c3fb0, 0x066c0000)
  to   space 2304K,   0% used [0x066c0000, 0x066c0000, 0x06900000)
 tenured generation   total 47036K, used 28775K [0x0a750000, 0x0d53f000, 0x15200000)
   the space 47036K,  61% used [0x0a750000, 0x0c369d08, 0x0c369e00, 0x0d53f000)
 Metaspace       used 10102K, capacity 10292K, committed 10368K, reserved 10624K
}
Event: 5.280 GC heap before
{Heap before GC invocations=520 (full 4):
 def new generation   total 21248K, used 20239K [0x05200000, 0x06900000, 0x0a750000)
  eden space 18944K, 100% used [0x05200000, 0x06480000, 0x06480000)
  from space 2304K,  56% used [0x06480000, 0x065c3fb0, 0x066c0000)
  to   space 2304K,   0% used [0x066c0000, 0x066c0000, 0x06900000)
 tenured generation   total 47036K, used 28775K [0x0a750000, 0x0d53f000, 0x15200000)
   the space 47036K,  61% used [0x0a750000, 0x0c369d08, 0x0c369e00, 0x0d53f000)
 Metaspace       used 10102K, capacity 10292K, committed 10368K, reserved 10624K
Event: 5.285 GC heap after
Heap after GC invocations=521 (full 4):
 def new generation   total 21248K, used 1295K [0x05200000, 0x06900000, 0x0a750000)
  eden space 18944K,   0% used [0x05200000, 0x05200000, 0x06480000)
  from space 2304K,  56% used [0x066c0000, 0x06803c18, 0x06900000)
  to   space 2304K,   0% used [0x06480000, 0x06480000, 0x066c0000)
 tenured generation   total 47036K, used 28960K [0x0a750000, 0x0d53f000, 0x15200000)
   the space 47036K,  61% used [0x0a750000, 0x0c398148, 0x0c398200, 0x0d53f000)
 Metaspace       used 10102K, capacity 10292K, committed 10368K, reserved 10624K
}
Event: 5.300 GC heap before
{Heap before GC invocations=521 (full 4):
 def new generation   total 21248K, used 20239K [0x05200000, 0x06900000, 0x0a750000)
  eden space 18944K, 100% used [0x05200000, 0x06480000, 0x06480000)
  from space 2304K,  56% used [0x066c0000, 0x06803c18, 0x06900000)
  to   space 2304K,   0% used [0x06480000, 0x06480000, 0x066c0000)
 tenured generation   total 47036K, used 28960K [0x0a750000, 0x0d53f000, 0x15200000)
   the space 47036K,  61% used [0x0a750000, 0x0c398148, 0x0c398200, 0x0d53f000)
 Metaspace       used 10102K, capacity 10292K, committed 10368K, reserved 10624K
Event: 5.304 GC heap after
Heap after GC invocations=522 (full 4):
 def new generation   total 21248K, used 1295K [0x05200000, 0x06900000, 0x0a750000)
  eden space 18944K,   0% used [0x05200000, 0x05200000, 0x06480000)
  from space 2304K,  56% used [0x06480000, 0x065c3e10, 0x066c0000)
  to   space 2304K,   0% used [0x066c0000, 0x066c0000, 0x06900000)
 tenured generation   total 47036K, used 29145K [0x0a750000, 0x0d53f000, 0x15200000)
   the space 47036K,  61% used [0x0a750000, 0x0c3c64f8, 0x0c3c6600, 0x0d53f000)
 Metaspace       used 10102K, capacity 10292K, committed 10368K, reserved 10624K
}
Event: 5.319 GC heap before
{Heap before GC invocations=522 (full 4):
 def new generation   total 21248K, used 20239K [0x05200000, 0x06900000, 0x0a750000)
  eden space 18944K, 100% used [0x05200000, 0x06480000, 0x06480000)
  from space 2304K,  56% used [0x06480000, 0x065c3e10, 0x066c0000)
  to   space 2304K,   0% used [0x066c0000, 0x066c0000, 0x06900000)
 tenured generation   total 47036K, used 29145K [0x0a750000, 0x0d53f000, 0x15200000)
   the space 47036K,  61% used [0x0a750000, 0x0c3c64f8, 0x0c3c6600, 0x0d53f000)
 Metaspace       used 10102K, capacity 10292K, committed 10368K, reserved 10624K
Event: 5.324 GC heap after
Heap after GC invocations=523 (full 4):
 def new generation   total 21248K, used 1295K [0x05200000, 0x06900000, 0x0a750000)
  eden space 18944K,   0% used [0x05200000, 0x05200000, 0x06480000)
  from space 2304K,  56% used [0x066c0000, 0x06803c70, 0x06900000)
  to   space 2304K,   0% used [0x06480000, 0x06480000, 0x066c0000)
 tenured generation   total 47036K, used 29330K [0x0a750000, 0x0d53f000, 0x15200000)
   the space 47036K,  62% used [0x0a750000, 0x0c3f48c8, 0x0c3f4a00, 0x0d53f000)
 Metaspace       used 10102K, capacity 10292K, committed 10368K, reserved 10624K
}
Event: 5.339 GC heap before
{Heap before GC invocations=523 (full 4):
 def new generation   total 21248K, used 20239K [0x05200000, 0x06900000, 0x0a750000)
  eden space 18944K, 100% used [0x05200000, 0x06480000, 0x06480000)
  from space 2304K,  56% used [0x066c0000, 0x06803c70, 0x06900000)
  to   space 2304K,   0% used [0x06480000, 0x06480000, 0x066c0000)
 tenured generation   total 47036K, used 29330K [0x0a750000, 0x0d53f000, 0x15200000)
   the space 47036K,  62% used [0x0a750000, 0x0c3f48c8, 0x0c3f4a00, 0x0d53f000)
 Metaspace       used 10102K, capacity 10292K, committed 10368K, reserved 10624K
Event: 5.344 GC heap after
Heap after GC invocations=524 (full 4):
 def new generation   total 21248K, used 1297K [0x05200000, 0x06900000, 0x0a750000)
  eden space 18944K,   0% used [0x05200000, 0x05200000, 0x06480000)
  from space 2304K,  56% used [0x06480000, 0x065c45e0, 0x066c0000)
  to   space 2304K,   0% used [0x066c0000, 0x066c0000, 0x06900000)
 tenured generation   total 47036K, used 29515K [0x0a750000, 0x0d53f000, 0x15200000)
   the space 47036K,  62% used [0x0a750000, 0x0c422ca8, 0x0c422e00, 0x0d53f000)
 Metaspace       used 10102K, capacity 10292K, committed 10368K, reserved 10624K
}

