# JRE version: Java(TM) SE Runtime Environment (8.0_66-b18) (build 1.8.0_66-b18)
# Java VM: Java HotSpot(TM) Client VM (25.66-b18 mixed mode, sharing windows-x86 )
Heap:
 def new generation   total 4928K, used 2983K [0x04600000, 0x04b50000, 0x09b50000)
  eden space 4416K,  57% used [0x04600000, 0x04879da8, 0x04a50000)
  from space 512K,  87% used [0x04ad0000, 0x04b3fe70, 0x04b50000)
  to   space 512K,   0% used [0x04a50000, 0x04a50000, 0x04ad0000)
 tenured generation   total 10944K, used 4800K [0x09b50000, 0x0a600000, 0x14600000)
   the space 10944K,  43% used [0x09b50000, 0x0a0003a8, 0x0a000400, 0x0a600000)
 Metaspace       used 4624K, capacity 5942K, committed 6016K, reserved 6528K
GC Heap History (10 events):
Event: 1.504 GC heap before
{Heap before GC invocations=12 (full 0):
 def new generation   total 4928K, used 4416K [0x04600000, 0x04b50000, 0x09b50000)
  eden space 4416K, 100% used [0x04600000, 0x04a50000, 0x04a50000)
  from space 512K,   0% used [0x04a50000, 0x04a50088, 0x04ad0000)
  to   space 512K,   0% used [0x04ad0000, 0x04ad0000, 0x04b50000)
 tenured generation   total 10944K, used 4800K [0x09b50000, 0x0a600000, 0x14600000)
   the space 10944K,  43% used [0x09b50000, 0x0a0003a8, 0x0a000400, 0x0a600000)
 Metaspace       used 3880K, capacity 5639K, committed 5760K, reserved 6528K
Event: 1.505 GC heap after
Heap after GC invocations=13 (full 0):
 def new generation   total 4928K, used 185K [0x04600000, 0x04b50000, 0x09b50000)
  eden space 4416K,   0% used [0x04600000, 0x04600000, 0x04a50000)
  from space 512K,  36% used [0x04ad0000, 0x04afe6e0, 0x04b50000)
  to   space 512K,   0% used [0x04a50000, 0x04a50000, 0x04ad0000)
 tenured generation   total 10944K, used 4800K [0x09b50000, 0x0a600000, 0x14600000)
   the space 10944K,  43% used [0x09b50000, 0x0a0003a8, 0x0a000400, 0x0a600000)
 Metaspace       used 3880K, capacity 5639K, committed 5760K, reserved 6528K
}
Event: 1.518 GC heap before
{Heap before GC invocations=13 (full 0):
 def new generation   total 4928K, used 4601K [0x04600000, 0x04b50000, 0x09b50000)
  eden space 4416K, 100% used [0x04600000, 0x04a50000, 0x04a50000)
  from space 512K,  36% used [0x04ad0000, 0x04afe6e0, 0x04b50000)
  to   space 512K,   0% used [0x04a50000, 0x04a50000, 0x04ad0000)
 tenured generation   total 10944K, used 4800K [0x09b50000, 0x0a600000, 0x14600000)
   the space 10944K,  43% used [0x09b50000, 0x0a0003a8, 0x0a000400, 0x0a600000)
 Metaspace       used 3880K, capacity 5639K, committed 5760K, reserved 6528K
Event: 1.519 GC heap after
Heap after GC invocations=14 (full 0):
 def new generation   total 4928K, used 182K [0x04600000, 0x04b50000, 0x09b50000)
  eden space 4416K,   0% used [0x04600000, 0x04600000, 0x04a50000)
  from space 512K,  35% used [0x04a50000, 0x04a7db58, 0x04ad0000)
  to   space 512K,   0% used [0x04ad0000, 0x04ad0000, 0x04b50000)
 tenured generation   total 10944K, used 4800K [0x09b50000, 0x0a600000, 0x14600000)
   the space 10944K,  43% used [0x09b50000, 0x0a0003a8, 0x0a000400, 0x0a600000)
 Metaspace       used 3880K, capacity 5639K, committed 5760K, reserved 6528K
}
Event: 1.534 GC heap before
{Heap before GC invocations=14 (full 0):
 def new generation   total 4928K, used 4598K [0x04600000, 0x04b50000, 0x09b50000)
  eden space 4416K, 100% used [0x04600000, 0x04a50000, 0x04a50000)
  from space 512K,  35% used [0x04a50000, 0x04a7db58, 0x04ad0000)
  to   space 512K,   0% used [0x04ad0000, 0x04ad0000, 0x04b50000)
 tenured generation   total 10944K, used 4800K [0x09b50000, 0x0a600000, 0x14600000)
   the space 10944K,  43% used [0x09b50000, 0x0a0003a8, 0x0a000400, 0x0a600000)
 Metaspace       used 3880K, capacity 5639K, committed 5760K, reserved 6528K
Event: 1.535 GC heap after
Heap after GC invocations=15 (full 0):
 def new generation   total 4928K, used 182K [0x04600000, 0x04b50000, 0x09b50000)
  eden space 4416K,   0% used [0x04600000, 0x04600000, 0x04a50000)
  from space 512K,  35% used [0x04ad0000, 0x04afdb60, 0x04b50000)
  to   space 512K,   0% used [0x04a50000, 0x04a50000, 0x04ad0000)
 tenured generation   total 10944K, used 4800K [0x09b50000, 0x0a600000, 0x14600000)
   the space 10944K,  43% used [0x09b50000, 0x0a0003a8, 0x0a000400, 0x0a600000)
 Metaspace       used 3880K, capacity 5639K, committed 5760K, reserved 6528K
}
Event: 1.551 GC heap before
{Heap before GC invocations=15 (full 0):
 def new generation   total 4928K, used 4598K [0x04600000, 0x04b50000, 0x09b50000)
  eden space 4416K, 100% used [0x04600000, 0x04a50000, 0x04a50000)
  from space 512K,  35% used [0x04ad0000, 0x04afdb60, 0x04b50000)
  to   space 512K,   0% used [0x04a50000, 0x04a50000, 0x04ad0000)
 tenured generation   total 10944K, used 4800K [0x09b50000, 0x0a600000, 0x14600000)
   the space 10944K,  43% used [0x09b50000, 0x0a0003a8, 0x0a000400, 0x0a600000)
 Metaspace       used 3880K, capacity 5639K, committed 5760K, reserved 6528K
Event: 1.552 GC heap after
Heap after GC invocations=16 (full 0):
 def new generation   total 4928K, used 182K [0x04600000, 0x04b50000, 0x09b50000)
  eden space 4416K,   0% used [0x04600000, 0x04600000, 0x04a50000)
  from space 512K,  35% used [0x04a50000, 0x04a7db78, 0x04ad0000)
  to   space 512K,   0% used [0x04ad0000, 0x04ad0000, 0x04b50000)
 tenured generation   total 10944K, used 4800K [0x09b50000, 0x0a600000, 0x14600000)
   the space 10944K,  43% used [0x09b50000, 0x0a0003a8, 0x0a000400, 0x0a600000)
 Metaspace       used 3880K, capacity 5639K, committed 5760K, reserved 6528K
}
Event: 1.622 GC heap before
{Heap before GC invocations=16 (full 0):
 def new generation   total 4928K, used 4598K [0x04600000, 0x04b50000, 0x09b50000)
  eden space 4416K, 100% used [0x04600000, 0x04a50000, 0x04a50000)
  from space 512K,  35% used [0x04a50000, 0x04a7db78, 0x04ad0000)
  to   space 512K,   0% used [0x04ad0000, 0x04ad0000, 0x04b50000)
 tenured generation   total 10944K, used 4800K [0x09b50000, 0x0a600000, 0x14600000)
   the space 10944K,  43% used [0x09b50000, 0x0a0003a8, 0x0a000400, 0x0a600000)
 Metaspace       used 4119K, capacity 5772K, committed 5888K, reserved 6528K
Event: 1.624 GC heap after
Heap after GC invocations=17 (full 0):
 def new generation   total 4928K, used 447K [0x04600000, 0x04b50000, 0x09b50000)
  eden space 4416K,   0% used [0x04600000, 0x04600000, 0x04a50000)
  from space 512K,  87% used [0x04ad0000, 0x04b3fe70, 0x04b50000)
  to   space 512K,   0% used [0x04a50000, 0x04a50000, 0x04ad0000)
 tenured generation   total 10944K, used 4800K [0x09b50000, 0x0a600000, 0x14600000)
   the space 10944K,  43% used [0x09b50000, 0x0a0003a8, 0x0a000400, 0x0a600000)
 Metaspace       used 4119K, capacity 5772K, committed 5888K, reserved 6528K
}

