# JRE version: Java(TM) SE Runtime Environment (8.0_66-b18) (build 1.8.0_66-b18)
# Java VM: Java HotSpot(TM) Client VM (25.66-b18 mixed mode windows-x86 )
Heap:
 def new generation   total 4928K, used 1524K [0x05200000, 0x05750000, 0x0a750000)
  eden space 4416K,  22% used [0x05200000, 0x052fd0f0, 0x05650000)
  from space 512K,  99% used [0x056d0000, 0x0574ff88, 0x05750000)
  to   space 512K,   0% used [0x05650000, 0x05650000, 0x056d0000)
 tenured generation   total 10944K, used 5707K [0x0a750000, 0x0b200000, 0x15200000)
   the space 10944K,  52% used [0x0a750000, 0x0ace2e58, 0x0ace3000, 0x0b200000)
 Metaspace       used 10129K, capacity 10324K, committed 10496K, reserved 10624K
GC Heap History (10 events):
Event: 1.783 GC heap before
{Heap before GC invocations=12 (full 0):
 def new generation   total 4928K, used 4416K [0x05200000, 0x05750000, 0x0a750000)
  eden space 4416K, 100% used [0x05200000, 0x05650000, 0x05650000)
  from space 512K,   0% used [0x05650000, 0x056500b8, 0x056d0000)
  to   space 512K,   0% used [0x056d0000, 0x056d0000, 0x05750000)
 tenured generation   total 10944K, used 5128K [0x0a750000, 0x0b200000, 0x15200000)
   the space 10944K,  46% used [0x0a750000, 0x0ac52298, 0x0ac52400, 0x0b200000)
 Metaspace       used 8576K, capacity 8751K, committed 8832K, reserved 9600K
Event: 1.783 GC heap after
Heap after GC invocations=13 (full 0):
 def new generation   total 4928K, used 185K [0x05200000, 0x05750000, 0x0a750000)
  eden space 4416K,   0% used [0x05200000, 0x05200000, 0x05650000)
  from space 512K,  36% used [0x056d0000, 0x056fe638, 0x05750000)
  to   space 512K,   0% used [0x05650000, 0x05650000, 0x056d0000)
 tenured generation   total 10944K, used 5128K [0x0a750000, 0x0b200000, 0x15200000)
   the space 10944K,  46% used [0x0a750000, 0x0ac52298, 0x0ac52400, 0x0b200000)
 Metaspace       used 8576K, capacity 8751K, committed 8832K, reserved 9600K
}
Event: 1.796 GC heap before
{Heap before GC invocations=13 (full 0):
 def new generation   total 4928K, used 4601K [0x05200000, 0x05750000, 0x0a750000)
  eden space 4416K, 100% used [0x05200000, 0x05650000, 0x05650000)
  from space 512K,  36% used [0x056d0000, 0x056fe638, 0x05750000)
  to   space 512K,   0% used [0x05650000, 0x05650000, 0x056d0000)
 tenured generation   total 10944K, used 5128K [0x0a750000, 0x0b200000, 0x15200000)
   the space 10944K,  46% used [0x0a750000, 0x0ac52298, 0x0ac52400, 0x0b200000)
 Metaspace       used 8576K, capacity 8751K, committed 8832K, reserved 9600K
Event: 1.797 GC heap after
Heap after GC invocations=14 (full 0):
 def new generation   total 4928K, used 182K [0x05200000, 0x05750000, 0x0a750000)
  eden space 4416K,   0% used [0x05200000, 0x05200000, 0x05650000)
  from space 512K,  35% used [0x05650000, 0x0567db50, 0x056d0000)
  to   space 512K,   0% used [0x056d0000, 0x056d0000, 0x05750000)
 tenured generation   total 10944K, used 5128K [0x0a750000, 0x0b200000, 0x15200000)
   the space 10944K,  46% used [0x0a750000, 0x0ac52298, 0x0ac52400, 0x0b200000)
 Metaspace       used 8576K, capacity 8751K, committed 8832K, reserved 9600K
}
Event: 1.811 GC heap before
{Heap before GC invocations=14 (full 0):
 def new generation   total 4928K, used 4598K [0x05200000, 0x05750000, 0x0a750000)
  eden space 4416K, 100% used [0x05200000, 0x05650000, 0x05650000)
  from space 512K,  35% used [0x05650000, 0x0567db50, 0x056d0000)
  to   space 512K,   0% used [0x056d0000, 0x056d0000, 0x05750000)
 tenured generation   total 10944K, used 5128K [0x0a750000, 0x0b200000, 0x15200000)
   the space 10944K,  46% used [0x0a750000, 0x0ac52298, 0x0ac52400, 0x0b200000)
 Metaspace       used 8576K, capacity 8751K, committed 8832K, reserved 9600K
Event: 1.812 GC heap after
Heap after GC invocations=15 (full 0):
 def new generation   total 4928K, used 182K [0x05200000, 0x05750000, 0x0a750000)
  eden space 4416K,   0% used [0x05200000, 0x05200000, 0x05650000)
  from space 512K,  35% used [0x056d0000, 0x056fdb80, 0x05750000)
  to   space 512K,   0% used [0x05650000, 0x05650000, 0x056d0000)
 tenured generation   total 10944K, used 5128K [0x0a750000, 0x0b200000, 0x15200000)
   the space 10944K,  46% used [0x0a750000, 0x0ac52298, 0x0ac52400, 0x0b200000)
 Metaspace       used 8576K, capacity 8751K, committed 8832K, reserved 9600K
}
Event: 1.828 GC heap before
{Heap before GC invocations=15 (full 0):
 def new generation   total 4928K, used 4598K [0x05200000, 0x05750000, 0x0a750000)
  eden space 4416K, 100% used [0x05200000, 0x05650000, 0x05650000)
  from space 512K,  35% used [0x056d0000, 0x056fdb80, 0x05750000)
  to   space 512K,   0% used [0x05650000, 0x05650000, 0x056d0000)
 tenured generation   total 10944K, used 5128K [0x0a750000, 0x0b200000, 0x15200000)
   the space 10944K,  46% used [0x0a750000, 0x0ac52298, 0x0ac52400, 0x0b200000)
 Metaspace       used 8576K, capacity 8751K, committed 8832K, reserved 9600K
Event: 1.829 GC heap after
Heap after GC invocations=16 (full 0):
 def new generation   total 4928K, used 182K [0x05200000, 0x05750000, 0x0a750000)
  eden space 4416K,   0% used [0x05200000, 0x05200000, 0x05650000)
  from space 512K,  35% used [0x05650000, 0x0567db40, 0x056d0000)
  to   space 512K,   0% used [0x056d0000, 0x056d0000, 0x05750000)
 tenured generation   total 10944K, used 5128K [0x0a750000, 0x0b200000, 0x15200000)
   the space 10944K,  46% used [0x0a750000, 0x0ac52298, 0x0ac52400, 0x0b200000)
 Metaspace       used 8576K, capacity 8751K, committed 8832K, reserved 9600K
}
Event: 1.953 GC heap before
{Heap before GC invocations=16 (full 0):
 def new generation   total 4928K, used 4598K [0x05200000, 0x05750000, 0x0a750000)
  eden space 4416K, 100% used [0x05200000, 0x05650000, 0x05650000)
  from space 512K,  35% used [0x05650000, 0x0567db40, 0x056d0000)
  to   space 512K,   0% used [0x056d0000, 0x056d0000, 0x05750000)
 tenured generation   total 10944K, used 5128K [0x0a750000, 0x0b200000, 0x15200000)
   the space 10944K,  46% used [0x0a750000, 0x0ac52298, 0x0ac52400, 0x0b200000)
 Metaspace       used 9793K, capacity 9972K, committed 10112K, reserved 10624K
Event: 1.955 GC heap after
Heap after GC invocations=17 (full 0):
 def new generation   total 4928K, used 511K [0x05200000, 0x05750000, 0x0a750000)
  eden space 4416K,   0% used [0x05200000, 0x05200000, 0x05650000)
  from space 512K,  99% used [0x056d0000, 0x0574ff88, 0x05750000)
  to   space 512K,   0% used [0x05650000, 0x05650000, 0x056d0000)
 tenured generation   total 10944K, used 5707K [0x0a750000, 0x0b200000, 0x15200000)
   the space 10944K,  52% used [0x0a750000, 0x0ace2e58, 0x0ace3000, 0x0b200000)
 Metaspace       used 9793K, capacity 9972K, committed 10112K, reserved 10624K
}

