# JRE version: Java(TM) SE Runtime Environment (8.0_66-b18) (build 1.8.0_66-b18)
# Java VM: Java HotSpot(TM) Client VM (25.66-b18 mixed mode windows-x86 )
Heap:
 def new generation   total 4928K, used 1983K [0x04c00000, 0x05150000, 0x0a150000)
  eden space 4416K,  33% used [0x04c00000, 0x04d6fe58, 0x05050000)
  from space 512K, 100% used [0x050d0000, 0x05150000, 0x05150000)
  to   space 512K,   0% used [0x05050000, 0x05050000, 0x050d0000)
 tenured generation   total 10944K, used 5548K [0x0a150000, 0x0ac00000, 0x14c00000)
   the space 10944K,  50% used [0x0a150000, 0x0a6bb038, 0x0a6bb200, 0x0ac00000)
 Metaspace       used 10207K, capacity 10382K, committed 10496K, reserved 10624K
GC Heap History (10 events):
Event: 2.161 GC heap before
{Heap before GC invocations=12 (full 0):
 def new generation   total 4928K, used 4416K [0x04c00000, 0x05150000, 0x0a150000)
  eden space 4416K, 100% used [0x04c00000, 0x05050000, 0x05050000)
  from space 512K,   0% used [0x05050000, 0x05050130, 0x050d0000)
  to   space 512K,   0% used [0x050d0000, 0x050d0000, 0x05150000)
 tenured generation   total 10944K, used 4952K [0x0a150000, 0x0ac00000, 0x14c00000)
   the space 10944K,  45% used [0x0a150000, 0x0a626170, 0x0a626200, 0x0ac00000)
 Metaspace       used 8624K, capacity 8809K, committed 8960K, reserved 9600K
Event: 2.162 GC heap after
Heap after GC invocations=13 (full 0):
 def new generation   total 4928K, used 185K [0x04c00000, 0x05150000, 0x0a150000)
  eden space 4416K,   0% used [0x04c00000, 0x04c00000, 0x05050000)
  from space 512K,  36% used [0x050d0000, 0x050fe678, 0x05150000)
  to   space 512K,   0% used [0x05050000, 0x05050000, 0x050d0000)
 tenured generation   total 10944K, used 4952K [0x0a150000, 0x0ac00000, 0x14c00000)
   the space 10944K,  45% used [0x0a150000, 0x0a626170, 0x0a626200, 0x0ac00000)
 Metaspace       used 8624K, capacity 8809K, committed 8960K, reserved 9600K
}
Event: 2.175 GC heap before
{Heap before GC invocations=13 (full 0):
 def new generation   total 4928K, used 4601K [0x04c00000, 0x05150000, 0x0a150000)
  eden space 4416K, 100% used [0x04c00000, 0x05050000, 0x05050000)
  from space 512K,  36% used [0x050d0000, 0x050fe678, 0x05150000)
  to   space 512K,   0% used [0x05050000, 0x05050000, 0x050d0000)
 tenured generation   total 10944K, used 4952K [0x0a150000, 0x0ac00000, 0x14c00000)
   the space 10944K,  45% used [0x0a150000, 0x0a626170, 0x0a626200, 0x0ac00000)
 Metaspace       used 8624K, capacity 8809K, committed 8960K, reserved 9600K
Event: 2.176 GC heap after
Heap after GC invocations=14 (full 0):
 def new generation   total 4928K, used 183K [0x04c00000, 0x05150000, 0x0a150000)
  eden space 4416K,   0% used [0x04c00000, 0x04c00000, 0x05050000)
  from space 512K,  35% used [0x05050000, 0x0507dc08, 0x050d0000)
  to   space 512K,   0% used [0x050d0000, 0x050d0000, 0x05150000)
 tenured generation   total 10944K, used 4952K [0x0a150000, 0x0ac00000, 0x14c00000)
   the space 10944K,  45% used [0x0a150000, 0x0a626170, 0x0a626200, 0x0ac00000)
 Metaspace       used 8624K, capacity 8809K, committed 8960K, reserved 9600K
}
Event: 2.191 GC heap before
{Heap before GC invocations=14 (full 0):
 def new generation   total 4928K, used 4599K [0x04c00000, 0x05150000, 0x0a150000)
  eden space 4416K, 100% used [0x04c00000, 0x05050000, 0x05050000)
  from space 512K,  35% used [0x05050000, 0x0507dc08, 0x050d0000)
  to   space 512K,   0% used [0x050d0000, 0x050d0000, 0x05150000)
 tenured generation   total 10944K, used 4952K [0x0a150000, 0x0ac00000, 0x14c00000)
   the space 10944K,  45% used [0x0a150000, 0x0a626170, 0x0a626200, 0x0ac00000)
 Metaspace       used 8624K, capacity 8809K, committed 8960K, reserved 9600K
Event: 2.191 GC heap after
Heap after GC invocations=15 (full 0):
 def new generation   total 4928K, used 182K [0x04c00000, 0x05150000, 0x0a150000)
  eden space 4416K,   0% used [0x04c00000, 0x04c00000, 0x05050000)
  from space 512K,  35% used [0x050d0000, 0x050fdbe0, 0x05150000)
  to   space 512K,   0% used [0x05050000, 0x05050000, 0x050d0000)
 tenured generation   total 10944K, used 4952K [0x0a150000, 0x0ac00000, 0x14c00000)
   the space 10944K,  45% used [0x0a150000, 0x0a626170, 0x0a626200, 0x0ac00000)
 Metaspace       used 8624K, capacity 8809K, committed 8960K, reserved 9600K
}
Event: 2.208 GC heap before
{Heap before GC invocations=15 (full 0):
 def new generation   total 4928K, used 4598K [0x04c00000, 0x05150000, 0x0a150000)
  eden space 4416K, 100% used [0x04c00000, 0x05050000, 0x05050000)
  from space 512K,  35% used [0x050d0000, 0x050fdbe0, 0x05150000)
  to   space 512K,   0% used [0x05050000, 0x05050000, 0x050d0000)
 tenured generation   total 10944K, used 4952K [0x0a150000, 0x0ac00000, 0x14c00000)
   the space 10944K,  45% used [0x0a150000, 0x0a626170, 0x0a626200, 0x0ac00000)
 Metaspace       used 8624K, capacity 8809K, committed 8960K, reserved 9600K
Event: 2.209 GC heap after
Heap after GC invocations=16 (full 0):
 def new generation   total 4928K, used 182K [0x04c00000, 0x05150000, 0x0a150000)
  eden space 4416K,   0% used [0x04c00000, 0x04c00000, 0x05050000)
  from space 512K,  35% used [0x05050000, 0x0507dbf8, 0x050d0000)
  to   space 512K,   0% used [0x050d0000, 0x050d0000, 0x05150000)
 tenured generation   total 10944K, used 4952K [0x0a150000, 0x0ac00000, 0x14c00000)
   the space 10944K,  45% used [0x0a150000, 0x0a626170, 0x0a626200, 0x0ac00000)
 Metaspace       used 8624K, capacity 8809K, committed 8960K, reserved 9600K
}
Event: 2.356 GC heap before
{Heap before GC invocations=16 (full 0):
 def new generation   total 4928K, used 4598K [0x04c00000, 0x05150000, 0x0a150000)
  eden space 4416K, 100% used [0x04c00000, 0x05050000, 0x05050000)
  from space 512K,  35% used [0x05050000, 0x0507dbf8, 0x050d0000)
  to   space 512K,   0% used [0x050d0000, 0x050d0000, 0x05150000)
 tenured generation   total 10944K, used 4952K [0x0a150000, 0x0ac00000, 0x14c00000)
   the space 10944K,  45% used [0x0a150000, 0x0a626170, 0x0a626200, 0x0ac00000)
 Metaspace       used 9867K, capacity 10062K, committed 10240K, reserved 10624K
Event: 2.358 GC heap after
Heap after GC invocations=17 (full 0):
 def new generation   total 4928K, used 512K [0x04c00000, 0x05150000, 0x0a150000)
  eden space 4416K,   0% used [0x04c00000, 0x04c00000, 0x05050000)
  from space 512K, 100% used [0x050d0000, 0x05150000, 0x05150000)
  to   space 512K,   0% used [0x05050000, 0x05050000, 0x050d0000)
 tenured generation   total 10944K, used 5548K [0x0a150000, 0x0ac00000, 0x14c00000)
   the space 10944K,  50% used [0x0a150000, 0x0a6bb038, 0x0a6bb200, 0x0ac00000)
 Metaspace       used 9867K, capacity 10062K, committed 10240K, reserved 10624K
}

