# JRE version: Java(TM) SE Runtime Environment (8.0_66-b18) (build 1.8.0_66-b18)
# Java VM: Java HotSpot(TM) Client VM (25.66-b18 mixed mode windows-x86 )
Heap:
 def new generation   total 4928K, used 1612K [0x04a00000, 0x04f50000, 0x09f50000)
  eden space 4416K,  24% used [0x04a00000, 0x04b13150, 0x04e50000)
  from space 512K,  99% used [0x04ed0000, 0x04f4ffd8, 0x04f50000)
  to   space 512K,   0% used [0x04e50000, 0x04e50000, 0x04ed0000)
 tenured generation   total 10944K, used 5547K [0x09f50000, 0x0aa00000, 0x14a00000)
   the space 10944K,  50% used [0x09f50000, 0x0a4bae20, 0x0a4bb000, 0x0aa00000)
 Metaspace       used 10207K, capacity 10382K, committed 10496K, reserved 10624K
GC Heap History (10 events):
Event: 1.832 GC heap before
{Heap before GC invocations=12 (full 0):
 def new generation   total 4928K, used 4416K [0x04a00000, 0x04f50000, 0x09f50000)
  eden space 4416K, 100% used [0x04a00000, 0x04e50000, 0x04e50000)
  from space 512K,   0% used [0x04e50000, 0x04e50100, 0x04ed0000)
  to   space 512K,   0% used [0x04ed0000, 0x04ed0000, 0x04f50000)
 tenured generation   total 10944K, used 4951K [0x09f50000, 0x0aa00000, 0x14a00000)
   the space 10944K,  45% used [0x09f50000, 0x0a425f90, 0x0a426000, 0x0aa00000)
 Metaspace       used 8623K, capacity 8809K, committed 8960K, reserved 9600K
Event: 1.833 GC heap after
Heap after GC invocations=13 (full 0):
 def new generation   total 4928K, used 185K [0x04a00000, 0x04f50000, 0x09f50000)
  eden space 4416K,   0% used [0x04a00000, 0x04a00000, 0x04e50000)
  from space 512K,  36% used [0x04ed0000, 0x04efe6e8, 0x04f50000)
  to   space 512K,   0% used [0x04e50000, 0x04e50000, 0x04ed0000)
 tenured generation   total 10944K, used 4951K [0x09f50000, 0x0aa00000, 0x14a00000)
   the space 10944K,  45% used [0x09f50000, 0x0a425f90, 0x0a426000, 0x0aa00000)
 Metaspace       used 8623K, capacity 8809K, committed 8960K, reserved 9600K
}
Event: 1.847 GC heap before
{Heap before GC invocations=13 (full 0):
 def new generation   total 4928K, used 4601K [0x04a00000, 0x04f50000, 0x09f50000)
  eden space 4416K, 100% used [0x04a00000, 0x04e50000, 0x04e50000)
  from space 512K,  36% used [0x04ed0000, 0x04efe6e8, 0x04f50000)
  to   space 512K,   0% used [0x04e50000, 0x04e50000, 0x04ed0000)
 tenured generation   total 10944K, used 4951K [0x09f50000, 0x0aa00000, 0x14a00000)
   the space 10944K,  45% used [0x09f50000, 0x0a425f90, 0x0a426000, 0x0aa00000)
 Metaspace       used 8623K, capacity 8809K, committed 8960K, reserved 9600K
Event: 1.847 GC heap after
Heap after GC invocations=14 (full 0):
 def new generation   total 4928K, used 183K [0x04a00000, 0x04f50000, 0x09f50000)
  eden space 4416K,   0% used [0x04a00000, 0x04a00000, 0x04e50000)
  from space 512K,  35% used [0x04e50000, 0x04e7dc08, 0x04ed0000)
  to   space 512K,   0% used [0x04ed0000, 0x04ed0000, 0x04f50000)
 tenured generation   total 10944K, used 4951K [0x09f50000, 0x0aa00000, 0x14a00000)
   the space 10944K,  45% used [0x09f50000, 0x0a425f90, 0x0a426000, 0x0aa00000)
 Metaspace       used 8623K, capacity 8809K, committed 8960K, reserved 9600K
}
Event: 1.862 GC heap before
{Heap before GC invocations=14 (full 0):
 def new generation   total 4928K, used 4599K [0x04a00000, 0x04f50000, 0x09f50000)
  eden space 4416K, 100% used [0x04a00000, 0x04e50000, 0x04e50000)
  from space 512K,  35% used [0x04e50000, 0x04e7dc08, 0x04ed0000)
  to   space 512K,   0% used [0x04ed0000, 0x04ed0000, 0x04f50000)
 tenured generation   total 10944K, used 4951K [0x09f50000, 0x0aa00000, 0x14a00000)
   the space 10944K,  45% used [0x09f50000, 0x0a425f90, 0x0a426000, 0x0aa00000)
 Metaspace       used 8623K, capacity 8809K, committed 8960K, reserved 9600K
Event: 1.863 GC heap after
Heap after GC invocations=15 (full 0):
 def new generation   total 4928K, used 183K [0x04a00000, 0x04f50000, 0x09f50000)
  eden space 4416K,   0% used [0x04a00000, 0x04a00000, 0x04e50000)
  from space 512K,  35% used [0x04ed0000, 0x04efdc10, 0x04f50000)
  to   space 512K,   0% used [0x04e50000, 0x04e50000, 0x04ed0000)
 tenured generation   total 10944K, used 4951K [0x09f50000, 0x0aa00000, 0x14a00000)
   the space 10944K,  45% used [0x09f50000, 0x0a425f90, 0x0a426000, 0x0aa00000)
 Metaspace       used 8623K, capacity 8809K, committed 8960K, reserved 9600K
}
Event: 1.880 GC heap before
{Heap before GC invocations=15 (full 0):
 def new generation   total 4928K, used 4599K [0x04a00000, 0x04f50000, 0x09f50000)
  eden space 4416K, 100% used [0x04a00000, 0x04e50000, 0x04e50000)
  from space 512K,  35% used [0x04ed0000, 0x04efdc10, 0x04f50000)
  to   space 512K,   0% used [0x04e50000, 0x04e50000, 0x04ed0000)
 tenured generation   total 10944K, used 4951K [0x09f50000, 0x0aa00000, 0x14a00000)
   the space 10944K,  45% used [0x09f50000, 0x0a425f90, 0x0a426000, 0x0aa00000)
 Metaspace       used 8623K, capacity 8809K, committed 8960K, reserved 9600K
Event: 1.880 GC heap after
Heap after GC invocations=16 (full 0):
 def new generation   total 4928K, used 182K [0x04a00000, 0x04f50000, 0x09f50000)
  eden space 4416K,   0% used [0x04a00000, 0x04a00000, 0x04e50000)
  from space 512K,  35% used [0x04e50000, 0x04e7db70, 0x04ed0000)
  to   space 512K,   0% used [0x04ed0000, 0x04ed0000, 0x04f50000)
 tenured generation   total 10944K, used 4951K [0x09f50000, 0x0aa00000, 0x14a00000)
   the space 10944K,  45% used [0x09f50000, 0x0a425f90, 0x0a426000, 0x0aa00000)
 Metaspace       used 8623K, capacity 8809K, committed 8960K, reserved 9600K
}
Event: 2.029 GC heap before
{Heap before GC invocations=16 (full 0):
 def new generation   total 4928K, used 4598K [0x04a00000, 0x04f50000, 0x09f50000)
  eden space 4416K, 100% used [0x04a00000, 0x04e50000, 0x04e50000)
  from space 512K,  35% used [0x04e50000, 0x04e7db70, 0x04ed0000)
  to   space 512K,   0% used [0x04ed0000, 0x04ed0000, 0x04f50000)
 tenured generation   total 10944K, used 4951K [0x09f50000, 0x0aa00000, 0x14a00000)
   the space 10944K,  45% used [0x09f50000, 0x0a425f90, 0x0a426000, 0x0aa00000)
 Metaspace       used 9867K, capacity 10062K, committed 10240K, reserved 10624K
Event: 2.031 GC heap after
Heap after GC invocations=17 (full 0):
 def new generation   total 4928K, used 511K [0x04a00000, 0x04f50000, 0x09f50000)
  eden space 4416K,   0% used [0x04a00000, 0x04a00000, 0x04e50000)
  from space 512K,  99% used [0x04ed0000, 0x04f4ffd8, 0x04f50000)
  to   space 512K,   0% used [0x04e50000, 0x04e50000, 0x04ed0000)
 tenured generation   total 10944K, used 5547K [0x09f50000, 0x0aa00000, 0x14a00000)
   the space 10944K,  50% used [0x09f50000, 0x0a4bae20, 0x0a4bb000, 0x0aa00000)
 Metaspace       used 9867K, capacity 10062K, committed 10240K, reserved 10624K
}

