# JRE version: Java(TM) SE Runtime Environment (8.0_66-b18) (build 1.8.0_66-b18)
# Java VM: Java HotSpot(TM) Client VM (25.66-b18 mixed mode windows-x86 )
Heap:
 def new generation   total 4928K, used 2975K [0x05000000, 0x05550000, 0x0a550000)
  eden space 4416K,  57% used [0x05000000, 0x05278278, 0x05450000)
  from space 512K,  87% used [0x054d0000, 0x0553fc50, 0x05550000)
  to   space 512K,   0% used [0x05450000, 0x05450000, 0x054d0000)
 tenured generation   total 10944K, used 4779K [0x0a550000, 0x0b000000, 0x15000000)
   the space 10944K,  43% used [0x0a550000, 0x0a9fadb0, 0x0a9fae00, 0x0b000000)
 Metaspace       used 10693K, capacity 10878K, committed 11008K, reserved 11648K
GC Heap History (10 events):
Event: 1.589 GC heap before
{Heap before GC invocations=12 (full 0):
 def new generation   total 4928K, used 4416K [0x05000000, 0x05550000, 0x0a550000)
  eden space 4416K, 100% used [0x05000000, 0x05450000, 0x05450000)
  from space 512K,   0% used [0x05450000, 0x054500e8, 0x054d0000)
  to   space 512K,   0% used [0x054d0000, 0x054d0000, 0x05550000)
 tenured generation   total 10944K, used 4779K [0x0a550000, 0x0b000000, 0x15000000)
   the space 10944K,  43% used [0x0a550000, 0x0a9fadb0, 0x0a9fae00, 0x0b000000)
 Metaspace       used 8579K, capacity 8751K, committed 8832K, reserved 9600K
Event: 1.590 GC heap after
Heap after GC invocations=13 (full 0):
 def new generation   total 4928K, used 185K [0x05000000, 0x05550000, 0x0a550000)
  eden space 4416K,   0% used [0x05000000, 0x05000000, 0x05450000)
  from space 512K,  36% used [0x054d0000, 0x054fe628, 0x05550000)
  to   space 512K,   0% used [0x05450000, 0x05450000, 0x054d0000)
 tenured generation   total 10944K, used 4779K [0x0a550000, 0x0b000000, 0x15000000)
   the space 10944K,  43% used [0x0a550000, 0x0a9fadb0, 0x0a9fae00, 0x0b000000)
 Metaspace       used 8579K, capacity 8751K, committed 8832K, reserved 9600K
}
Event: 1.603 GC heap before
{Heap before GC invocations=13 (full 0):
 def new generation   total 4928K, used 4601K [0x05000000, 0x05550000, 0x0a550000)
  eden space 4416K, 100% used [0x05000000, 0x05450000, 0x05450000)
  from space 512K,  36% used [0x054d0000, 0x054fe628, 0x05550000)
  to   space 512K,   0% used [0x05450000, 0x05450000, 0x054d0000)
 tenured generation   total 10944K, used 4779K [0x0a550000, 0x0b000000, 0x15000000)
   the space 10944K,  43% used [0x0a550000, 0x0a9fadb0, 0x0a9fae00, 0x0b000000)
 Metaspace       used 8579K, capacity 8751K, committed 8832K, reserved 9600K
Event: 1.604 GC heap after
Heap after GC invocations=14 (full 0):
 def new generation   total 4928K, used 182K [0x05000000, 0x05550000, 0x0a550000)
  eden space 4416K,   0% used [0x05000000, 0x05000000, 0x05450000)
  from space 512K,  35% used [0x05450000, 0x0547db48, 0x054d0000)
  to   space 512K,   0% used [0x054d0000, 0x054d0000, 0x05550000)
 tenured generation   total 10944K, used 4779K [0x0a550000, 0x0b000000, 0x15000000)
   the space 10944K,  43% used [0x0a550000, 0x0a9fadb0, 0x0a9fae00, 0x0b000000)
 Metaspace       used 8579K, capacity 8751K, committed 8832K, reserved 9600K
}
Event: 1.619 GC heap before
{Heap before GC invocations=14 (full 0):
 def new generation   total 4928K, used 4598K [0x05000000, 0x05550000, 0x0a550000)
  eden space 4416K, 100% used [0x05000000, 0x05450000, 0x05450000)
  from space 512K,  35% used [0x05450000, 0x0547db48, 0x054d0000)
  to   space 512K,   0% used [0x054d0000, 0x054d0000, 0x05550000)
 tenured generation   total 10944K, used 4779K [0x0a550000, 0x0b000000, 0x15000000)
   the space 10944K,  43% used [0x0a550000, 0x0a9fadb0, 0x0a9fae00, 0x0b000000)
 Metaspace       used 8579K, capacity 8751K, committed 8832K, reserved 9600K
Event: 1.620 GC heap after
Heap after GC invocations=15 (full 0):
 def new generation   total 4928K, used 182K [0x05000000, 0x05550000, 0x0a550000)
  eden space 4416K,   0% used [0x05000000, 0x05000000, 0x05450000)
  from space 512K,  35% used [0x054d0000, 0x054fdb90, 0x05550000)
  to   space 512K,   0% used [0x05450000, 0x05450000, 0x054d0000)
 tenured generation   total 10944K, used 4779K [0x0a550000, 0x0b000000, 0x15000000)
   the space 10944K,  43% used [0x0a550000, 0x0a9fadb0, 0x0a9fae00, 0x0b000000)
 Metaspace       used 8579K, capacity 8751K, committed 8832K, reserved 9600K
}
Event: 1.648 GC heap before
{Heap before GC invocations=15 (full 0):
 def new generation   total 4928K, used 4598K [0x05000000, 0x05550000, 0x0a550000)
  eden space 4416K, 100% used [0x05000000, 0x05450000, 0x05450000)
  from space 512K,  35% used [0x054d0000, 0x054fdb90, 0x05550000)
  to   space 512K,   0% used [0x05450000, 0x05450000, 0x054d0000)
 tenured generation   total 10944K, used 4779K [0x0a550000, 0x0b000000, 0x15000000)
   the space 10944K,  43% used [0x0a550000, 0x0a9fadb0, 0x0a9fae00, 0x0b000000)
 Metaspace       used 8579K, capacity 8751K, committed 8832K, reserved 9600K
Event: 1.649 GC heap after
Heap after GC invocations=16 (full 0):
 def new generation   total 4928K, used 182K [0x05000000, 0x05550000, 0x0a550000)
  eden space 4416K,   0% used [0x05000000, 0x05000000, 0x05450000)
  from space 512K,  35% used [0x05450000, 0x0547db78, 0x054d0000)
  to   space 512K,   0% used [0x054d0000, 0x054d0000, 0x05550000)
 tenured generation   total 10944K, used 4779K [0x0a550000, 0x0b000000, 0x15000000)
   the space 10944K,  43% used [0x0a550000, 0x0a9fadb0, 0x0a9fae00, 0x0b000000)
 Metaspace       used 8579K, capacity 8751K, committed 8832K, reserved 9600K
}
Event: 1.737 GC heap before
{Heap before GC invocations=16 (full 0):
 def new generation   total 4928K, used 4598K [0x05000000, 0x05550000, 0x0a550000)
  eden space 4416K, 100% used [0x05000000, 0x05450000, 0x05450000)
  from space 512K,  35% used [0x05450000, 0x0547db78, 0x054d0000)
  to   space 512K,   0% used [0x054d0000, 0x054d0000, 0x05550000)
 tenured generation   total 10944K, used 4779K [0x0a550000, 0x0b000000, 0x15000000)
   the space 10944K,  43% used [0x0a550000, 0x0a9fadb0, 0x0a9fae00, 0x0b000000)
 Metaspace       used 9367K, capacity 9556K, committed 9728K, reserved 10624K
Event: 1.739 GC heap after
Heap after GC invocations=17 (full 0):
 def new generation   total 4928K, used 447K [0x05000000, 0x05550000, 0x0a550000)
  eden space 4416K,   0% used [0x05000000, 0x05000000, 0x05450000)
  from space 512K,  87% used [0x054d0000, 0x0553fc50, 0x05550000)
  to   space 512K,   0% used [0x05450000, 0x05450000, 0x054d0000)
 tenured generation   total 10944K, used 4779K [0x0a550000, 0x0b000000, 0x15000000)
   the space 10944K,  43% used [0x0a550000, 0x0a9fadb0, 0x0a9fae00, 0x0b000000)
 Metaspace       used 9367K, capacity 9556K, committed 9728K, reserved 10624K
}

